                                 Started job on |	Jan 20 07:22:43
                             Started mapping on |	Jan 20 07:23:12
                                    Finished on |	Jan 20 07:27:50
       Mapping speed, Million of reads per hour |	257.40

                          Number of input reads |	19877061
                      Average input read length |	266
                                    UNIQUE READS:
                   Uniquely mapped reads number |	17332242
                        Uniquely mapped reads % |	87.20%
                          Average mapped length |	266.73
                       Number of splices: Total |	18301847
            Number of splices: Annotated (sjdb) |	18140494
                       Number of splices: GT/AG |	18155766
                       Number of splices: GC/AG |	117875
                       Number of splices: AT/AC |	11384
               Number of splices: Non-canonical |	16822
                      Mismatch rate per base, % |	0.21%
                         Deletion rate per base |	0.01%
                        Deletion average length |	1.69
                        Insertion rate per base |	0.01%
                       Insertion average length |	1.72
                             MULTI-MAPPING READS:
        Number of reads mapped to multiple loci |	2221953
             % of reads mapped to multiple loci |	11.18%
        Number of reads mapped to too many loci |	8641
             % of reads mapped to too many loci |	0.04%
                                  UNMAPPED READS:
  Number of reads unmapped: too many mismatches |	0
       % of reads unmapped: too many mismatches |	0.00%
            Number of reads unmapped: too short |	300735
                 % of reads unmapped: too short |	1.51%
                Number of reads unmapped: other |	13490
                     % of reads unmapped: other |	0.07%
                                  CHIMERIC READS:
                       Number of chimeric reads |	0
                            % of chimeric reads |	0.00%
