                                 Started job on |	Jan 20 03:56:09
                             Started mapping on |	Jan 20 03:56:43
                                    Finished on |	Jan 20 04:03:22
       Mapping speed, Million of reads per hour |	257.83

                          Number of input reads |	28576462
                      Average input read length |	272
                                    UNIQUE READS:
                   Uniquely mapped reads number |	26865595
                        Uniquely mapped reads % |	94.01%
                          Average mapped length |	270.05
                       Number of splices: Total |	25032349
            Number of splices: Annotated (sjdb) |	24781924
                       Number of splices: GT/AG |	24800676
                       Number of splices: GC/AG |	177227
                       Number of splices: AT/AC |	23551
               Number of splices: Non-canonical |	30895
                      Mismatch rate per base, % |	0.24%
                         Deletion rate per base |	0.01%
                        Deletion average length |	1.92
                        Insertion rate per base |	0.01%
                       Insertion average length |	1.66
                             MULTI-MAPPING READS:
        Number of reads mapped to multiple loci |	1014300
             % of reads mapped to multiple loci |	3.55%
        Number of reads mapped to too many loci |	17125
             % of reads mapped to too many loci |	0.06%
                                  UNMAPPED READS:
  Number of reads unmapped: too many mismatches |	0
       % of reads unmapped: too many mismatches |	0.00%
            Number of reads unmapped: too short |	654879
                 % of reads unmapped: too short |	2.29%
                Number of reads unmapped: other |	24563
                     % of reads unmapped: other |	0.09%
                                  CHIMERIC READS:
                       Number of chimeric reads |	0
                            % of chimeric reads |	0.00%
