                                 Started job on |	Jan 20 04:11:34
                             Started mapping on |	Jan 20 04:12:14
                                    Finished on |	Jan 20 04:20:02
       Mapping speed, Million of reads per hour |	251.76

                          Number of input reads |	32728683
                      Average input read length |	275
                                    UNIQUE READS:
                   Uniquely mapped reads number |	30782357
                        Uniquely mapped reads % |	94.05%
                          Average mapped length |	272.62
                       Number of splices: Total |	29453563
            Number of splices: Annotated (sjdb) |	29189165
                       Number of splices: GT/AG |	29176388
                       Number of splices: GC/AG |	224052
                       Number of splices: AT/AC |	23837
               Number of splices: Non-canonical |	29286
                      Mismatch rate per base, % |	0.23%
                         Deletion rate per base |	0.01%
                        Deletion average length |	1.83
                        Insertion rate per base |	0.01%
                       Insertion average length |	1.74
                             MULTI-MAPPING READS:
        Number of reads mapped to multiple loci |	1178723
             % of reads mapped to multiple loci |	3.60%
        Number of reads mapped to too many loci |	12380
             % of reads mapped to too many loci |	0.04%
                                  UNMAPPED READS:
  Number of reads unmapped: too many mismatches |	0
       % of reads unmapped: too many mismatches |	0.00%
            Number of reads unmapped: too short |	731442
                 % of reads unmapped: too short |	2.23%
                Number of reads unmapped: other |	23781
                     % of reads unmapped: other |	0.07%
                                  CHIMERIC READS:
                       Number of chimeric reads |	0
                            % of chimeric reads |	0.00%
