                                 Started job on |	Jan 20 02:56:37
                             Started mapping on |	Jan 20 02:57:15
                                    Finished on |	Jan 20 03:05:29
       Mapping speed, Million of reads per hour |	246.35

                          Number of input reads |	33805075
                      Average input read length |	271
                                    UNIQUE READS:
                   Uniquely mapped reads number |	31658531
                        Uniquely mapped reads % |	93.65%
                          Average mapped length |	270.21
                       Number of splices: Total |	29429985
            Number of splices: Annotated (sjdb) |	29141804
                       Number of splices: GT/AG |	29143072
                       Number of splices: GC/AG |	227385
                       Number of splices: AT/AC |	26763
               Number of splices: Non-canonical |	32765
                      Mismatch rate per base, % |	0.23%
                         Deletion rate per base |	0.01%
                        Deletion average length |	1.87
                        Insertion rate per base |	0.01%
                       Insertion average length |	1.67
                             MULTI-MAPPING READS:
        Number of reads mapped to multiple loci |	1470854
             % of reads mapped to multiple loci |	4.35%
        Number of reads mapped to too many loci |	10721
             % of reads mapped to too many loci |	0.03%
                                  UNMAPPED READS:
  Number of reads unmapped: too many mismatches |	0
       % of reads unmapped: too many mismatches |	0.00%
            Number of reads unmapped: too short |	645706
                 % of reads unmapped: too short |	1.91%
                Number of reads unmapped: other |	19263
                     % of reads unmapped: other |	0.06%
                                  CHIMERIC READS:
                       Number of chimeric reads |	0
                            % of chimeric reads |	0.00%
