                                 Started job on |	Jan 20 08:25:46
                             Started mapping on |	Jan 20 08:26:28
                                    Finished on |	Jan 20 08:33:31
       Mapping speed, Million of reads per hour |	290.17

                          Number of input reads |	34094982
                      Average input read length |	275
                                    UNIQUE READS:
                   Uniquely mapped reads number |	31498923
                        Uniquely mapped reads % |	92.39%
                          Average mapped length |	273.93
                       Number of splices: Total |	28024082
            Number of splices: Annotated (sjdb) |	27719973
                       Number of splices: GT/AG |	27755020
                       Number of splices: GC/AG |	208104
                       Number of splices: AT/AC |	22875
               Number of splices: Non-canonical |	38083
                      Mismatch rate per base, % |	0.21%
                         Deletion rate per base |	0.01%
                        Deletion average length |	1.95
                        Insertion rate per base |	0.01%
                       Insertion average length |	1.66
                             MULTI-MAPPING READS:
        Number of reads mapped to multiple loci |	1195570
             % of reads mapped to multiple loci |	3.51%
        Number of reads mapped to too many loci |	17617
             % of reads mapped to too many loci |	0.05%
                                  UNMAPPED READS:
  Number of reads unmapped: too many mismatches |	0
       % of reads unmapped: too many mismatches |	0.00%
            Number of reads unmapped: too short |	1356365
                 % of reads unmapped: too short |	3.98%
                Number of reads unmapped: other |	26507
                     % of reads unmapped: other |	0.08%
                                  CHIMERIC READS:
                       Number of chimeric reads |	0
                            % of chimeric reads |	0.00%
