                                 Started job on |	Jan 20 08:09:07
                             Started mapping on |	Jan 20 08:10:14
                                    Finished on |	Jan 20 08:16:20
       Mapping speed, Million of reads per hour |	328.80

                          Number of input reads |	33428453
                      Average input read length |	272
                                    UNIQUE READS:
                   Uniquely mapped reads number |	30699036
                        Uniquely mapped reads % |	91.84%
                          Average mapped length |	271.04
                       Number of splices: Total |	25609906
            Number of splices: Annotated (sjdb) |	25304814
                       Number of splices: GT/AG |	25368027
                       Number of splices: GC/AG |	192766
                       Number of splices: AT/AC |	17533
               Number of splices: Non-canonical |	31580
                      Mismatch rate per base, % |	0.24%
                         Deletion rate per base |	0.01%
                        Deletion average length |	1.75
                        Insertion rate per base |	0.01%
                       Insertion average length |	1.69
                             MULTI-MAPPING READS:
        Number of reads mapped to multiple loci |	1192444
             % of reads mapped to multiple loci |	3.57%
        Number of reads mapped to too many loci |	14401
             % of reads mapped to too many loci |	0.04%
                                  UNMAPPED READS:
  Number of reads unmapped: too many mismatches |	0
       % of reads unmapped: too many mismatches |	0.00%
            Number of reads unmapped: too short |	1487453
                 % of reads unmapped: too short |	4.45%
                Number of reads unmapped: other |	35119
                     % of reads unmapped: other |	0.11%
                                  CHIMERIC READS:
                       Number of chimeric reads |	0
                            % of chimeric reads |	0.00%
