                                 Started job on |	Jan 20 06:50:59
                             Started mapping on |	Jan 20 06:51:45
                                    Finished on |	Jan 20 06:56:45
       Mapping speed, Million of reads per hour |	239.95

                          Number of input reads |	19995638
                      Average input read length |	272
                                    UNIQUE READS:
                   Uniquely mapped reads number |	16261742
                        Uniquely mapped reads % |	81.33%
                          Average mapped length |	272.32
                       Number of splices: Total |	13856808
            Number of splices: Annotated (sjdb) |	13722382
                       Number of splices: GT/AG |	13739263
                       Number of splices: GC/AG |	85872
                       Number of splices: AT/AC |	9931
               Number of splices: Non-canonical |	21742
                      Mismatch rate per base, % |	0.22%
                         Deletion rate per base |	0.01%
                        Deletion average length |	1.91
                        Insertion rate per base |	0.01%
                       Insertion average length |	1.77
                             MULTI-MAPPING READS:
        Number of reads mapped to multiple loci |	3209095
             % of reads mapped to multiple loci |	16.05%
        Number of reads mapped to too many loci |	19979
             % of reads mapped to too many loci |	0.10%
                                  UNMAPPED READS:
  Number of reads unmapped: too many mismatches |	0
       % of reads unmapped: too many mismatches |	0.00%
            Number of reads unmapped: too short |	492067
                 % of reads unmapped: too short |	2.46%
                Number of reads unmapped: other |	12755
                     % of reads unmapped: other |	0.06%
                                  CHIMERIC READS:
                       Number of chimeric reads |	0
                            % of chimeric reads |	0.00%
