                                 Started job on |	Jan 20 03:05:29
                             Started mapping on |	Jan 20 03:06:15
                                    Finished on |	Jan 20 03:15:17
       Mapping speed, Million of reads per hour |	260.32

                          Number of input reads |	39192798
                      Average input read length |	268
                                    UNIQUE READS:
                   Uniquely mapped reads number |	35382355
                        Uniquely mapped reads % |	90.28%
                          Average mapped length |	266.89
                       Number of splices: Total |	31686321
            Number of splices: Annotated (sjdb) |	31395572
                       Number of splices: GT/AG |	31422328
                       Number of splices: GC/AG |	197904
                       Number of splices: AT/AC |	26645
               Number of splices: Non-canonical |	39444
                      Mismatch rate per base, % |	0.23%
                         Deletion rate per base |	0.01%
                        Deletion average length |	1.90
                        Insertion rate per base |	0.01%
                       Insertion average length |	1.77
                             MULTI-MAPPING READS:
        Number of reads mapped to multiple loci |	3049127
             % of reads mapped to multiple loci |	7.78%
        Number of reads mapped to too many loci |	16253
             % of reads mapped to too many loci |	0.04%
                                  UNMAPPED READS:
  Number of reads unmapped: too many mismatches |	0
       % of reads unmapped: too many mismatches |	0.00%
            Number of reads unmapped: too short |	725416
                 % of reads unmapped: too short |	1.85%
                Number of reads unmapped: other |	19647
                     % of reads unmapped: other |	0.05%
                                  CHIMERIC READS:
                       Number of chimeric reads |	0
                            % of chimeric reads |	0.00%
