                                 Started job on |	Jan 20 07:15:32
                             Started mapping on |	Jan 20 07:16:27
                                    Finished on |	Jan 20 07:22:43
       Mapping speed, Million of reads per hour |	223.30

                          Number of input reads |	23322282
                      Average input read length |	270
                                    UNIQUE READS:
                   Uniquely mapped reads number |	21382244
                        Uniquely mapped reads % |	91.68%
                          Average mapped length |	270.00
                       Number of splices: Total |	19530404
            Number of splices: Annotated (sjdb) |	19345663
                       Number of splices: GT/AG |	19352952
                       Number of splices: GC/AG |	136107
                       Number of splices: AT/AC |	17724
               Number of splices: Non-canonical |	23621
                      Mismatch rate per base, % |	0.23%
                         Deletion rate per base |	0.01%
                        Deletion average length |	1.83
                        Insertion rate per base |	0.01%
                       Insertion average length |	1.66
                             MULTI-MAPPING READS:
        Number of reads mapped to multiple loci |	1390039
             % of reads mapped to multiple loci |	5.96%
        Number of reads mapped to too many loci |	12993
             % of reads mapped to too many loci |	0.06%
                                  UNMAPPED READS:
  Number of reads unmapped: too many mismatches |	0
       % of reads unmapped: too many mismatches |	0.00%
            Number of reads unmapped: too short |	518791
                 % of reads unmapped: too short |	2.22%
                Number of reads unmapped: other |	18215
                     % of reads unmapped: other |	0.08%
                                  CHIMERIC READS:
                       Number of chimeric reads |	0
                            % of chimeric reads |	0.00%
