                                 Started job on |	Jan 20 03:22:03
                             Started mapping on |	Jan 20 03:22:37
                                    Finished on |	Jan 20 03:27:31
       Mapping speed, Million of reads per hour |	243.39

                          Number of input reads |	19877061
                      Average input read length |	266
                                    UNIQUE READS:
                   Uniquely mapped reads number |	17413246
                        Uniquely mapped reads % |	87.60%
                          Average mapped length |	266.31
                       Number of splices: Total |	18351800
            Number of splices: Annotated (sjdb) |	18189477
                       Number of splices: GT/AG |	18205140
                       Number of splices: GC/AG |	118255
                       Number of splices: AT/AC |	11432
               Number of splices: Non-canonical |	16973
                      Mismatch rate per base, % |	0.22%
                         Deletion rate per base |	0.01%
                        Deletion average length |	1.69
                        Insertion rate per base |	0.01%
                       Insertion average length |	1.74
                             MULTI-MAPPING READS:
        Number of reads mapped to multiple loci |	2236052
             % of reads mapped to multiple loci |	11.25%
        Number of reads mapped to too many loci |	9444
             % of reads mapped to too many loci |	0.05%
                                  UNMAPPED READS:
  Number of reads unmapped: too many mismatches |	0
       % of reads unmapped: too many mismatches |	0.00%
            Number of reads unmapped: too short |	204829
                 % of reads unmapped: too short |	1.03%
                Number of reads unmapped: other |	13490
                     % of reads unmapped: other |	0.07%
                                  CHIMERIC READS:
                       Number of chimeric reads |	0
                            % of chimeric reads |	0.00%
