                                 Started job on |	Jan 20 03:46:50
                             Started mapping on |	Jan 20 03:47:28
                                    Finished on |	Jan 20 03:56:09
       Mapping speed, Million of reads per hour |	268.83

                          Number of input reads |	38905628
                      Average input read length |	272
                                    UNIQUE READS:
                   Uniquely mapped reads number |	36416759
                        Uniquely mapped reads % |	93.60%
                          Average mapped length |	270.07
                       Number of splices: Total |	32949143
            Number of splices: Annotated (sjdb) |	32506523
                       Number of splices: GT/AG |	32612118
                       Number of splices: GC/AG |	266356
                       Number of splices: AT/AC |	27444
               Number of splices: Non-canonical |	43225
                      Mismatch rate per base, % |	0.24%
                         Deletion rate per base |	0.01%
                        Deletion average length |	1.87
                        Insertion rate per base |	0.01%
                       Insertion average length |	1.71
                             MULTI-MAPPING READS:
        Number of reads mapped to multiple loci |	1471259
             % of reads mapped to multiple loci |	3.78%
        Number of reads mapped to too many loci |	28474
             % of reads mapped to too many loci |	0.07%
                                  UNMAPPED READS:
  Number of reads unmapped: too many mismatches |	0
       % of reads unmapped: too many mismatches |	0.00%
            Number of reads unmapped: too short |	953716
                 % of reads unmapped: too short |	2.45%
                Number of reads unmapped: other |	35420
                     % of reads unmapped: other |	0.09%
                                  CHIMERIC READS:
                       Number of chimeric reads |	0
                            % of chimeric reads |	0.00%
