                                 Started job on |	Jan 20 03:27:32
                             Started mapping on |	Jan 20 03:28:02
                                    Finished on |	Jan 20 03:37:12
       Mapping speed, Million of reads per hour |	259.79

                          Number of input reads |	39689524
                      Average input read length |	274
                                    UNIQUE READS:
                   Uniquely mapped reads number |	37237265
                        Uniquely mapped reads % |	93.82%
                          Average mapped length |	271.79
                       Number of splices: Total |	30667584
            Number of splices: Annotated (sjdb) |	30274070
                       Number of splices: GT/AG |	30351233
                       Number of splices: GC/AG |	248550
                       Number of splices: AT/AC |	24721
               Number of splices: Non-canonical |	43080
                      Mismatch rate per base, % |	0.24%
                         Deletion rate per base |	0.01%
                        Deletion average length |	1.90
                        Insertion rate per base |	0.01%
                       Insertion average length |	1.70
                             MULTI-MAPPING READS:
        Number of reads mapped to multiple loci |	1372271
             % of reads mapped to multiple loci |	3.46%
        Number of reads mapped to too many loci |	29514
             % of reads mapped to too many loci |	0.07%
                                  UNMAPPED READS:
  Number of reads unmapped: too many mismatches |	0
       % of reads unmapped: too many mismatches |	0.00%
            Number of reads unmapped: too short |	1013136
                 % of reads unmapped: too short |	2.55%
                Number of reads unmapped: other |	37338
                     % of reads unmapped: other |	0.09%
                                  CHIMERIC READS:
                       Number of chimeric reads |	0
                            % of chimeric reads |	0.00%
