                                 Started job on |	Jan 20 08:01:49
                             Started mapping on |	Jan 20 08:03:17
                                    Finished on |	Jan 20 08:09:07
       Mapping speed, Million of reads per hour |	293.93

                          Number of input reads |	28576462
                      Average input read length |	272
                                    UNIQUE READS:
                   Uniquely mapped reads number |	26494340
                        Uniquely mapped reads % |	92.71%
                          Average mapped length |	271.46
                       Number of splices: Total |	24755259
            Number of splices: Annotated (sjdb) |	24507016
                       Number of splices: GT/AG |	24526417
                       Number of splices: GC/AG |	175135
                       Number of splices: AT/AC |	23270
               Number of splices: Non-canonical |	30437
                      Mismatch rate per base, % |	0.23%
                         Deletion rate per base |	0.01%
                        Deletion average length |	1.92
                        Insertion rate per base |	0.01%
                       Insertion average length |	1.63
                             MULTI-MAPPING READS:
        Number of reads mapped to multiple loci |	973522
             % of reads mapped to multiple loci |	3.41%
        Number of reads mapped to too many loci |	16717
             % of reads mapped to too many loci |	0.06%
                                  UNMAPPED READS:
  Number of reads unmapped: too many mismatches |	0
       % of reads unmapped: too many mismatches |	0.00%
            Number of reads unmapped: too short |	1067320
                 % of reads unmapped: too short |	3.73%
                Number of reads unmapped: other |	24563
                     % of reads unmapped: other |	0.09%
                                  CHIMERIC READS:
                       Number of chimeric reads |	0
                            % of chimeric reads |	0.00%
