                                 Started job on |	Jan 20 04:21:02
                             Started mapping on |	Jan 20 04:21:41
                                    Finished on |	Jan 20 04:29:14
       Mapping speed, Million of reads per hour |	270.95

                          Number of input reads |	34094982
                      Average input read length |	275
                                    UNIQUE READS:
                   Uniquely mapped reads number |	31977433
                        Uniquely mapped reads % |	93.79%
                          Average mapped length |	272.32
                       Number of splices: Total |	28426443
            Number of splices: Annotated (sjdb) |	28119950
                       Number of splices: GT/AG |	28153504
                       Number of splices: GC/AG |	211060
                       Number of splices: AT/AC |	23196
               Number of splices: Non-canonical |	38683
                      Mismatch rate per base, % |	0.22%
                         Deletion rate per base |	0.01%
                        Deletion average length |	1.95
                        Insertion rate per base |	0.01%
                       Insertion average length |	1.69
                             MULTI-MAPPING READS:
        Number of reads mapped to multiple loci |	1253992
             % of reads mapped to multiple loci |	3.68%
        Number of reads mapped to too many loci |	18220
             % of reads mapped to too many loci |	0.05%
                                  UNMAPPED READS:
  Number of reads unmapped: too many mismatches |	0
       % of reads unmapped: too many mismatches |	0.00%
            Number of reads unmapped: too short |	818830
                 % of reads unmapped: too short |	2.40%
                Number of reads unmapped: other |	26507
                     % of reads unmapped: other |	0.08%
                                  CHIMERIC READS:
                       Number of chimeric reads |	0
                            % of chimeric reads |	0.00%
