                                 Started job on |	Jan 20 08:24:32
                             Started mapping on |	Jan 20 08:25:29
                                    Finished on |	Jan 20 08:25:46
       Mapping speed, Million of reads per hour |	8.78

                          Number of input reads |	41457
                      Average input read length |	300
                                    UNIQUE READS:
                   Uniquely mapped reads number |	27090
                        Uniquely mapped reads % |	65.34%
                          Average mapped length |	286.43
                       Number of splices: Total |	2525
            Number of splices: Annotated (sjdb) |	1763
                       Number of splices: GT/AG |	2382
                       Number of splices: GC/AG |	47
                       Number of splices: AT/AC |	0
               Number of splices: Non-canonical |	96
                      Mismatch rate per base, % |	0.50%
                         Deletion rate per base |	0.02%
                        Deletion average length |	2.05
                        Insertion rate per base |	0.01%
                       Insertion average length |	1.34
                             MULTI-MAPPING READS:
        Number of reads mapped to multiple loci |	4109
             % of reads mapped to multiple loci |	9.91%
        Number of reads mapped to too many loci |	52
             % of reads mapped to too many loci |	0.13%
                                  UNMAPPED READS:
  Number of reads unmapped: too many mismatches |	0
       % of reads unmapped: too many mismatches |	0.00%
            Number of reads unmapped: too short |	10177
                 % of reads unmapped: too short |	24.55%
                Number of reads unmapped: other |	29
                     % of reads unmapped: other |	0.07%
                                  CHIMERIC READS:
                       Number of chimeric reads |	0
                            % of chimeric reads |	0.00%
