                                 Started job on |	Jan 20 02:43:29
                             Started mapping on |	Jan 20 02:44:01
                                    Finished on |	Jan 20 02:50:56
       Mapping speed, Million of reads per hour |	284.08

                          Number of input reads |	32747614
                      Average input read length |	274
                                    UNIQUE READS:
                   Uniquely mapped reads number |	28745323
                        Uniquely mapped reads % |	87.78%
                          Average mapped length |	271.76
                       Number of splices: Total |	29007275
            Number of splices: Annotated (sjdb) |	28747336
                       Number of splices: GT/AG |	28756615
                       Number of splices: GC/AG |	189146
                       Number of splices: AT/AC |	23330
               Number of splices: Non-canonical |	38184
                      Mismatch rate per base, % |	0.23%
                         Deletion rate per base |	0.01%
                        Deletion average length |	1.95
                        Insertion rate per base |	0.01%
                       Insertion average length |	1.74
                             MULTI-MAPPING READS:
        Number of reads mapped to multiple loci |	3251799
             % of reads mapped to multiple loci |	9.93%
        Number of reads mapped to too many loci |	22337
             % of reads mapped to too many loci |	0.07%
                                  UNMAPPED READS:
  Number of reads unmapped: too many mismatches |	0
       % of reads unmapped: too many mismatches |	0.00%
            Number of reads unmapped: too short |	709714
                 % of reads unmapped: too short |	2.17%
                Number of reads unmapped: other |	18441
                     % of reads unmapped: other |	0.06%
                                  CHIMERIC READS:
                       Number of chimeric reads |	0
                            % of chimeric reads |	0.00%
