                                 Started job on |	Jan 20 07:37:34
                             Started mapping on |	Jan 20 07:38:14
                                    Finished on |	Jan 20 07:46:59
       Mapping speed, Million of reads per hour |	255.50

                          Number of input reads |	37260723
                      Average input read length |	273
                                    UNIQUE READS:
                   Uniquely mapped reads number |	34911370
                        Uniquely mapped reads % |	93.69%
                          Average mapped length |	272.74
                       Number of splices: Total |	28639257
            Number of splices: Annotated (sjdb) |	28272625
                       Number of splices: GT/AG |	28348093
                       Number of splices: GC/AG |	227130
                       Number of splices: AT/AC |	27335
               Number of splices: Non-canonical |	36699
                      Mismatch rate per base, % |	0.24%
                         Deletion rate per base |	0.01%
                        Deletion average length |	1.86
                        Insertion rate per base |	0.01%
                       Insertion average length |	1.64
                             MULTI-MAPPING READS:
        Number of reads mapped to multiple loci |	1451503
             % of reads mapped to multiple loci |	3.90%
        Number of reads mapped to too many loci |	17915
             % of reads mapped to too many loci |	0.05%
                                  UNMAPPED READS:
  Number of reads unmapped: too many mismatches |	0
       % of reads unmapped: too many mismatches |	0.00%
            Number of reads unmapped: too short |	854589
                 % of reads unmapped: too short |	2.29%
                Number of reads unmapped: other |	25346
                     % of reads unmapped: other |	0.07%
                                  CHIMERIC READS:
                       Number of chimeric reads |	0
                            % of chimeric reads |	0.00%
