                                 Started job on |	Jan 20 08:16:21
                             Started mapping on |	Jan 20 08:17:34
                                    Finished on |	Jan 20 08:24:32
       Mapping speed, Million of reads per hour |	281.87

                          Number of input reads |	32728683
                      Average input read length |	275
                                    UNIQUE READS:
                   Uniquely mapped reads number |	30355561
                        Uniquely mapped reads % |	92.75%
                          Average mapped length |	274.08
                       Number of splices: Total |	29111920
            Number of splices: Annotated (sjdb) |	28850777
                       Number of splices: GT/AG |	28838285
                       Number of splices: GC/AG |	221345
                       Number of splices: AT/AC |	23545
               Number of splices: Non-canonical |	28745
                      Mismatch rate per base, % |	0.23%
                         Deletion rate per base |	0.01%
                        Deletion average length |	1.83
                        Insertion rate per base |	0.01%
                       Insertion average length |	1.71
                             MULTI-MAPPING READS:
        Number of reads mapped to multiple loci |	1129328
             % of reads mapped to multiple loci |	3.45%
        Number of reads mapped to too many loci |	12119
             % of reads mapped to too many loci |	0.04%
                                  UNMAPPED READS:
  Number of reads unmapped: too many mismatches |	0
       % of reads unmapped: too many mismatches |	0.00%
            Number of reads unmapped: too short |	1207894
                 % of reads unmapped: too short |	3.69%
                Number of reads unmapped: other |	23781
                     % of reads unmapped: other |	0.07%
                                  CHIMERIC READS:
                       Number of chimeric reads |	0
                            % of chimeric reads |	0.00%
