                                 Started job on |	Jan 20 03:37:12
                             Started mapping on |	Jan 20 03:37:49
                                    Finished on |	Jan 20 03:46:49
       Mapping speed, Million of reads per hour |	248.40

                          Number of input reads |	37260723
                      Average input read length |	273
                                    UNIQUE READS:
                   Uniquely mapped reads number |	35208273
                        Uniquely mapped reads % |	94.49%
                          Average mapped length |	271.88
                       Number of splices: Total |	28834028
            Number of splices: Annotated (sjdb) |	28465308
                       Number of splices: GT/AG |	28540438
                       Number of splices: GC/AG |	228841
                       Number of splices: AT/AC |	27532
               Number of splices: Non-canonical |	37217
                      Mismatch rate per base, % |	0.25%
                         Deletion rate per base |	0.01%
                        Deletion average length |	1.86
                        Insertion rate per base |	0.01%
                       Insertion average length |	1.66
                             MULTI-MAPPING READS:
        Number of reads mapped to multiple loci |	1481150
             % of reads mapped to multiple loci |	3.98%
        Number of reads mapped to too many loci |	18274
             % of reads mapped to too many loci |	0.05%
                                  UNMAPPED READS:
  Number of reads unmapped: too many mismatches |	0
       % of reads unmapped: too many mismatches |	0.00%
            Number of reads unmapped: too short |	527680
                 % of reads unmapped: too short |	1.42%
                Number of reads unmapped: other |	25346
                     % of reads unmapped: other |	0.07%
                                  CHIMERIC READS:
                       Number of chimeric reads |	0
                            % of chimeric reads |	0.00%
