                                 Started job on |	Jan 20 06:43:00
                             Started mapping on |	Jan 20 06:43:52
                                    Finished on |	Jan 20 06:50:59
       Mapping speed, Million of reads per hour |	276.09

                          Number of input reads |	32747614
                      Average input read length |	274
                                    UNIQUE READS:
                   Uniquely mapped reads number |	28378616
                        Uniquely mapped reads % |	86.66%
                          Average mapped length |	273.10
                       Number of splices: Total |	28701786
            Number of splices: Annotated (sjdb) |	28444123
                       Number of splices: GT/AG |	28453926
                       Number of splices: GC/AG |	187107
                       Number of splices: AT/AC |	23066
               Number of splices: Non-canonical |	37687
                      Mismatch rate per base, % |	0.22%
                         Deletion rate per base |	0.01%
                        Deletion average length |	1.94
                        Insertion rate per base |	0.01%
                       Insertion average length |	1.70
                             MULTI-MAPPING READS:
        Number of reads mapped to multiple loci |	3187660
             % of reads mapped to multiple loci |	9.73%
        Number of reads mapped to too many loci |	20801
             % of reads mapped to too many loci |	0.06%
                                  UNMAPPED READS:
  Number of reads unmapped: too many mismatches |	0
       % of reads unmapped: too many mismatches |	0.00%
            Number of reads unmapped: too short |	1142096
                 % of reads unmapped: too short |	3.49%
                Number of reads unmapped: other |	18441
                     % of reads unmapped: other |	0.06%
                                  CHIMERIC READS:
                       Number of chimeric reads |	0
                            % of chimeric reads |	0.00%
