                                 Started job on |	Jan 20 03:15:18
                             Started mapping on |	Jan 20 03:15:50
                                    Finished on |	Jan 20 03:22:03
       Mapping speed, Million of reads per hour |	225.09

                          Number of input reads |	23322282
                      Average input read length |	270
                                    UNIQUE READS:
                   Uniquely mapped reads number |	21530935
                        Uniquely mapped reads % |	92.32%
                          Average mapped length |	269.34
                       Number of splices: Total |	19618831
            Number of splices: Annotated (sjdb) |	19432809
                       Number of splices: GT/AG |	19440368
                       Number of splices: GC/AG |	136808
                       Number of splices: AT/AC |	17812
               Number of splices: Non-canonical |	23843
                      Mismatch rate per base, % |	0.24%
                         Deletion rate per base |	0.01%
                        Deletion average length |	1.84
                        Insertion rate per base |	0.01%
                       Insertion average length |	1.69
                             MULTI-MAPPING READS:
        Number of reads mapped to multiple loci |	1407808
             % of reads mapped to multiple loci |	6.04%
        Number of reads mapped to too many loci |	13521
             % of reads mapped to too many loci |	0.06%
                                  UNMAPPED READS:
  Number of reads unmapped: too many mismatches |	0
       % of reads unmapped: too many mismatches |	0.00%
            Number of reads unmapped: too short |	351803
                 % of reads unmapped: too short |	1.51%
                Number of reads unmapped: other |	18215
                     % of reads unmapped: other |	0.08%
                                  CHIMERIC READS:
                       Number of chimeric reads |	0
                            % of chimeric reads |	0.00%
