                                 Started job on |	Jan 20 04:20:02
                             Started mapping on |	Jan 20 04:20:44
                                    Finished on |	Jan 20 04:21:02
       Mapping speed, Million of reads per hour |	8.29

                          Number of input reads |	41457
                      Average input read length |	300
                                    UNIQUE READS:
                   Uniquely mapped reads number |	29923
                        Uniquely mapped reads % |	72.18%
                          Average mapped length |	276.70
                       Number of splices: Total |	2984
            Number of splices: Annotated (sjdb) |	2185
                       Number of splices: GT/AG |	2827
                       Number of splices: GC/AG |	49
                       Number of splices: AT/AC |	0
               Number of splices: Non-canonical |	108
                      Mismatch rate per base, % |	0.60%
                         Deletion rate per base |	0.02%
                        Deletion average length |	2.06
                        Insertion rate per base |	0.01%
                       Insertion average length |	1.38
                             MULTI-MAPPING READS:
        Number of reads mapped to multiple loci |	4648
             % of reads mapped to multiple loci |	11.21%
        Number of reads mapped to too many loci |	66
             % of reads mapped to too many loci |	0.16%
                                  UNMAPPED READS:
  Number of reads unmapped: too many mismatches |	0
       % of reads unmapped: too many mismatches |	0.00%
            Number of reads unmapped: too short |	6791
                 % of reads unmapped: too short |	16.38%
                Number of reads unmapped: other |	29
                     % of reads unmapped: other |	0.07%
                                  CHIMERIC READS:
                       Number of chimeric reads |	0
                            % of chimeric reads |	0.00%
