                                 Started job on |	Jan 20 07:05:50
                             Started mapping on |	Jan 20 07:06:30
                                    Finished on |	Jan 20 07:15:31
       Mapping speed, Million of reads per hour |	260.80

                          Number of input reads |	39192798
                      Average input read length |	268
                                    UNIQUE READS:
                   Uniquely mapped reads number |	35152482
                        Uniquely mapped reads % |	89.69%
                          Average mapped length |	267.51
                       Number of splices: Total |	31538953
            Number of splices: Annotated (sjdb) |	31249233
                       Number of splices: GT/AG |	31276450
                       Number of splices: GC/AG |	196802
                       Number of splices: AT/AC |	26513
               Number of splices: Non-canonical |	39188
                      Mismatch rate per base, % |	0.22%
                         Deletion rate per base |	0.01%
                        Deletion average length |	1.90
                        Insertion rate per base |	0.01%
                       Insertion average length |	1.74
                             MULTI-MAPPING READS:
        Number of reads mapped to multiple loci |	3018726
             % of reads mapped to multiple loci |	7.70%
        Number of reads mapped to too many loci |	15073
             % of reads mapped to too many loci |	0.04%
                                  UNMAPPED READS:
  Number of reads unmapped: too many mismatches |	0
       % of reads unmapped: too many mismatches |	0.00%
            Number of reads unmapped: too short |	986870
                 % of reads unmapped: too short |	2.52%
                Number of reads unmapped: other |	19647
                     % of reads unmapped: other |	0.05%
                                  CHIMERIC READS:
                       Number of chimeric reads |	0
                            % of chimeric reads |	0.00%
