                                 Started job on |	Jan 20 06:56:45
                             Started mapping on |	Jan 20 06:57:25
                                    Finished on |	Jan 20 07:05:50
       Mapping speed, Million of reads per hour |	240.99

                          Number of input reads |	33805075
                      Average input read length |	271
                                    UNIQUE READS:
                   Uniquely mapped reads number |	31389693
                        Uniquely mapped reads % |	92.85%
                          Average mapped length |	271.06
                       Number of splices: Total |	29242396
            Number of splices: Annotated (sjdb) |	28955708
                       Number of splices: GT/AG |	28957638
                       Number of splices: GC/AG |	225767
                       Number of splices: AT/AC |	26586
               Number of splices: Non-canonical |	32405
                      Mismatch rate per base, % |	0.22%
                         Deletion rate per base |	0.01%
                        Deletion average length |	1.87
                        Insertion rate per base |	0.01%
                       Insertion average length |	1.65
                             MULTI-MAPPING READS:
        Number of reads mapped to multiple loci |	1442768
             % of reads mapped to multiple loci |	4.27%
        Number of reads mapped to too many loci |	10382
             % of reads mapped to too many loci |	0.03%
                                  UNMAPPED READS:
  Number of reads unmapped: too many mismatches |	0
       % of reads unmapped: too many mismatches |	0.00%
            Number of reads unmapped: too short |	942969
                 % of reads unmapped: too short |	2.79%
                Number of reads unmapped: other |	19263
                     % of reads unmapped: other |	0.06%
                                  CHIMERIC READS:
                       Number of chimeric reads |	0
                            % of chimeric reads |	0.00%
